<?xml version="1.0" encoding="UTF-8"?>
<!-- Generated by org.testng.reporters.JUnitReportReporter -->
<testsuite hostname="DESKTOP-BDUE2GI" name="zais.Demo2" tests="1" failures="0" timestamp="15 Aug 2016 13:35:44 GMT" time="17.815" errors="0">
  <testcase name="method1" time="17.815" classname="zais.Demo2"/>
</testsuite> <!-- zais.Demo2 -->
